<?xml version="1.0" encoding="UTF-8"?>
<!-- Generated by org.testng.reporters.JUnitXMLReporter -->
<testsuite ignored="0" hostname="ASISH" failures="0" tests="7" name="starhealth001" time="80.327" errors="0" timestamp="2023-10-23T23:06:25 IST">
  <testcase classname="testpages.StarHealthPageTest" name="Validate_Alt_Value_Of_Logo" time="8.145"/>
  <testcase classname="testpages.StarHealthPageTest" name="click_on_plans" time="4.891"/>
  <testcase classname="testpages.StarHealthPageTest" name="GetAQuoate" time="6.639"/>
  <testcase classname="testpages.StarHealthPageTest" name="Input_Authorize_Form" time="39.42"/>
  <testcase classname="testpages.StarHealthPageTest" name="Get_Value" time="3.118"/>
  <testcase classname="testpages.StarHealthPageTest" name="clickontwitter" time="0.073"/>
  <testcase classname="testpages.StarHealthPageTest" name="validatetwitter" time="7.186"/>
</testsuite> <!-- starhealth001 -->
