<?xml version="1.0" encoding="UTF-8"?>
<testsuite xmlns:xsi="http://www.w3.org/2001/XMLSchema-instance" xsi:noNamespaceSchemaLocation="https://maven.apache.org/surefire/maven-surefire-plugin/xsd/surefire-test-report.xsd" name="TestSuite" time="96.219" tests="8" errors="0" skipped="0" failures="0">
  <properties>
[...]
</properties>
  <testcase name="Validate_Alt_Value_Of_Logo" classname="testpages.StarHealthPageTest" time="8.176"/>
  <testcase name="click_on_plans" classname="testpages.StarHealthPageTest" time="4.946"/>
  <testcase name="GetAQuoate" classname="testpages.StarHealthPageTest" time="6.659"/>
  <testcase name="Input_Authorize_Form" classname="testpages.StarHealthPageTest" time="31.845"/>
  <testcase name="Get_Value" classname="testpages.StarHealthPageTest" time="3.228"/>
  <testcase name="clickontwitter" classname="testpages.StarHealthPageTest" time="0.153"/>
  <testcase name="validatetwitter" classname="testpages.StarHealthPageTest" time="6.392"/>
  <testcase name="fetch_All_Link" classname="testpages.StarHealthPageTest2" time="8.572"/>
</testsuite>