<?xml version="1.0" encoding="UTF-8"?>
<!-- Generated by org.testng.reporters.JUnitXMLReporter -->
<testsuite ignored="0" hostname="ASISH" failures="0" tests="7" name="starhealth001" time="74.139" errors="0" timestamp="2023-10-23T23:08:50 IST">
  <testcase classname="testpages.StarHealthPageTest" name="Validate_Alt_Value_Of_Logo" time="8.168"/>
  <testcase classname="testpages.StarHealthPageTest" name="click_on_plans" time="4.937"/>
  <testcase classname="testpages.StarHealthPageTest" name="GetAQuoate" time="6.657"/>
  <testcase classname="testpages.StarHealthPageTest" name="Input_Authorize_Form" time="31.845"/>
  <testcase classname="testpages.StarHealthPageTest" name="Get_Value" time="3.227"/>
  <testcase classname="testpages.StarHealthPageTest" name="clickontwitter" time="0.153"/>
  <testcase classname="testpages.StarHealthPageTest" name="validatetwitter" time="6.397"/>
</testsuite> <!-- starhealth001 -->
